epoch 363000 score 141.00 rewards 65.00 score_mean 141.00
epoch 363001 score 95.00 rewards -1.00 score_mean 118.00
epoch 363002 score 92.00 rewards 8.00 score_mean 109.33
epoch 363003 score 83.00 rewards -9.00 score_mean 102.75
epoch 363004 score 114.00 rewards 24.00 score_mean 105.00
epoch 363005 score 61.00 rewards -33.00 score_mean 97.67
epoch 363006 score 76.00 rewards -8.00 score_mean 94.57
epoch 363007 score 51.00 rewards -33.00 score_mean 89.12
epoch 363008 score 98.00 rewards 16.00 score_mean 90.11
epoch 363009 score 95.00 rewards 5.00 score_mean 90.60
epoch 363010 score 96.00 rewards 14.00 score_mean 91.09
epoch 363011 score 178.00 rewards 106.00 score_mean 98.33
epoch 363012 score 124.00 rewards 46.00 score_mean 100.31
epoch 363013 score 240.00 rewards 184.00 score_mean 110.29
epoch 363014 score 113.00 rewards 23.00 score_mean 110.47
epoch 363015 score 121.00 rewards 37.00 score_mean 111.12
epoch 363016 score 42.00 rewards -58.00 score_mean 107.06
epoch 363017 score 24.00 rewards -70.00 score_mean 102.44
epoch 363018 score 129.00 rewards 43.00 score_mean 103.84
epoch 363019 score 68.00 rewards -14.00 score_mean 102.05
epoch 363020 score 79.00 rewards -11.00 score_mean 100.95
epoch 363021 score 60.00 rewards -38.00 score_mean 99.09
epoch 363022 score 67.00 rewards -21.00 score_mean 97.70
epoch 363023 score 100.00 rewards 12.00 score_mean 97.79
epoch 363024 score 38.00 rewards -60.00 score_mean 95.40
epoch 363025 score 19.00 rewards -81.00 score_mean 92.46
epoch 363026 score 79.00 rewards -7.00 score_mean 91.96
epoch 363027 score 285.00 rewards 223.00 score_mean 98.86
epoch 363028 score 121.00 rewards 39.00 score_mean 99.62
epoch 363029 score 80.00 rewards -2.00 score_mean 98.97
epoch 363030 score 61.00 rewards -17.00 score_mean 97.74
epoch 363031 score 165.00 rewards 73.00 score_mean 99.84
epoch 363032 score 101.00 rewards 27.00 score_mean 99.88
epoch 363033 score 86.00 rewards -8.00 score_mean 99.47
epoch 363034 score 84.00 rewards -8.00 score_mean 99.03
epoch 363035 score 34.00 rewards -62.00 score_mean 97.22
epoch 363036 score 72.00 rewards -26.00 score_mean 96.54
epoch 363037 score 115.00 rewards 27.00 score_mean 97.03
epoch 363038 score 156.00 rewards 70.00 score_mean 98.54
epoch 363039 score 88.00 rewards 0.00 score_mean 98.28
epoch 363040 score 191.00 rewards 117.00 score_mean 100.54
epoch 363041 score 165.00 rewards 83.00 score_mean 102.07
epoch 363042 score 111.00 rewards 21.00 score_mean 102.28
epoch 363043 score 80.00 rewards -12.00 score_mean 101.77
epoch 363044 score 81.00 rewards -9.00 score_mean 101.31
epoch 363045 score 77.00 rewards -19.00 score_mean 100.78
epoch 363046 score 44.00 rewards -50.00 score_mean 99.57
epoch 363047 score 50.00 rewards -42.00 score_mean 98.54
epoch 363048 score 35.00 rewards -59.00 score_mean 97.24
epoch 363049 score 101.00 rewards 11.00 score_mean 97.32
epoch 363050 score 50.00 rewards -48.00 score_mean 96.39
epoch 363051 score 98.00 rewards 6.00 score_mean 96.42
epoch 363052 score 89.00 rewards -3.00 score_mean 96.28
epoch 363053 score 84.00 rewards -4.00 score_mean 96.06
epoch 363054 score 50.00 rewards -46.00 score_mean 95.22
epoch 363055 score 48.00 rewards -42.00 score_mean 94.38
epoch 363056 score 126.00 rewards 40.00 score_mean 94.93
epoch 363057 score 59.00 rewards -35.00 score_mean 94.31
epoch 363058 score 69.00 rewards -23.00 score_mean 93.88
epoch 363059 score 71.00 rewards -23.00 score_mean 93.50
epoch 363060 score 27.00 rewards -71.00 score_mean 92.41
epoch 363061 score 55.00 rewards -43.00 score_mean 91.81
epoch 363062 score 112.00 rewards 30.00 score_mean 92.13
epoch 363063 score 47.00 rewards -51.00 score_mean 91.42
epoch 363064 score 59.00 rewards -33.00 score_mean 90.92
epoch 363065 score 97.00 rewards 5.00 score_mean 91.02
epoch 363066 score 60.00 rewards -30.00 score_mean 90.55
epoch 363067 score 39.00 rewards -57.00 score_mean 89.79
epoch 363068 score 48.00 rewards -48.00 score_mean 89.19
epoch 363069 score 53.00 rewards -41.00 score_mean 88.67
epoch 363070 score 87.00 rewards -7.00 score_mean 88.65
epoch 363071 score 70.00 rewards -20.00 score_mean 88.39
epoch 363072 score 20.00 rewards -78.00 score_mean 87.45
epoch 363073 score 91.00 rewards 9.00 score_mean 87.50
epoch 363074 score 151.00 rewards 71.00 score_mean 88.35
epoch 363075 score 116.00 rewards 30.00 score_mean 88.71
epoch 363076 score 68.00 rewards -26.00 score_mean 88.44
epoch 363077 score 84.00 rewards -2.00 score_mean 88.38
epoch 363078 score 129.00 rewards 37.00 score_mean 88.90
epoch 363079 score 57.00 rewards -39.00 score_mean 88.50
epoch 363080 score 114.00 rewards 26.00 score_mean 88.81
epoch 363081 score 42.00 rewards -52.00 score_mean 88.24
epoch 363082 score 70.00 rewards -22.00 score_mean 88.02
epoch 363083 score 118.00 rewards 40.00 score_mean 88.38
epoch 363084 score 47.00 rewards -53.00 score_mean 87.89
epoch 363085 score 66.00 rewards -26.00 score_mean 87.64
epoch 363086 score 72.00 rewards -18.00 score_mean 87.46
epoch 363087 score 76.00 rewards -12.00 score_mean 87.33
epoch 363088 score 61.00 rewards -29.00 score_mean 87.03
epoch 363089 score 148.00 rewards 64.00 score_mean 87.71
epoch 363090 score 131.00 rewards 47.00 score_mean 88.19
epoch 363091 score 88.00 rewards -4.00 score_mean 88.18
epoch 363092 score 109.00 rewards 25.00 score_mean 88.41
epoch 363093 score 86.00 rewards 10.00 score_mean 88.38
epoch 363094 score 31.00 rewards -69.00 score_mean 87.78
epoch 363095 score 253.00 rewards 191.00 score_mean 89.50
epoch 363096 score 41.00 rewards -55.00 score_mean 89.00
epoch 363097 score 58.00 rewards -30.00 score_mean 88.68
epoch 363098 score 93.00 rewards 13.00 score_mean 88.73
epoch 363099 score 66.00 rewards -26.00 score_mean 88.50
epoch 363100 score 42.00 rewards -54.00 score_mean 87.51
epoch 363101 score 67.00 rewards -31.00 score_mean 87.23
epoch 363102 score 82.00 rewards -4.00 score_mean 87.13
epoch 363103 score 53.00 rewards -45.00 score_mean 86.83
epoch 363104 score 109.00 rewards 23.00 score_mean 86.78
epoch 363105 score 110.00 rewards 30.00 score_mean 87.27
epoch 363106 score 52.00 rewards -40.00 score_mean 87.03
epoch 363107 score 50.00 rewards -48.00 score_mean 87.02
epoch 363108 score 58.00 rewards -36.00 score_mean 86.62
epoch 363109 score 70.00 rewards -12.00 score_mean 86.37
epoch 363110 score 150.00 rewards 66.00 score_mean 86.91
epoch 363111 score 26.00 rewards -74.00 score_mean 85.39
epoch 363112 score 127.00 rewards 59.00 score_mean 85.42
epoch 363113 score 38.00 rewards -58.00 score_mean 83.40
epoch 363114 score 52.00 rewards -44.00 score_mean 82.79
epoch 363115 score 58.00 rewards -32.00 score_mean 82.16
epoch 363116 score 41.00 rewards -51.00 score_mean 82.15
epoch 363117 score 73.00 rewards -17.00 score_mean 82.64
epoch 363118 score 157.00 rewards 81.00 score_mean 82.92
epoch 363119 score 37.00 rewards -57.00 score_mean 82.61
epoch 363120 score 47.00 rewards -51.00 score_mean 82.29
epoch 363121 score 126.00 rewards 44.00 score_mean 82.95
epoch 363122 score 142.00 rewards 58.00 score_mean 83.70
epoch 363123 score 29.00 rewards -67.00 score_mean 82.99
epoch 363124 score 33.00 rewards -65.00 score_mean 82.94
epoch 363125 score 55.00 rewards -39.00 score_mean 83.30
epoch 363126 score 30.00 rewards -68.00 score_mean 82.81
epoch 363127 score 114.00 rewards 34.00 score_mean 81.10
epoch 363128 score 137.00 rewards 57.00 score_mean 81.26
epoch 363129 score 79.00 rewards -17.00 score_mean 81.25
epoch 363130 score 27.00 rewards -67.00 score_mean 80.91
epoch 363131 score 36.00 rewards -62.00 score_mean 79.62
epoch 363132 score 114.00 rewards 20.00 score_mean 79.75
epoch 363133 score 58.00 rewards -34.00 score_mean 79.47
epoch 363134 score 133.00 rewards 47.00 score_mean 79.96
epoch 363135 score 131.00 rewards 41.00 score_mean 80.93
epoch 363136 score 267.00 rewards 201.00 score_mean 82.88
epoch 363137 score 109.00 rewards 27.00 score_mean 82.82
epoch 363138 score 37.00 rewards -61.00 score_mean 81.63
epoch 363139 score 89.00 rewards -1.00 score_mean 81.64
epoch 363140 score 62.00 rewards -28.00 score_mean 80.35
epoch 363141 score 44.00 rewards -40.00 score_mean 79.14
epoch 363142 score 65.00 rewards -23.00 score_mean 78.68
epoch 363143 score 123.00 rewards 35.00 score_mean 79.11
epoch 363144 score 97.00 rewards 5.00 score_mean 79.27
epoch 363145 score 112.00 rewards 30.00 score_mean 79.62
epoch 363146 score 52.00 rewards -48.00 score_mean 79.70
epoch 363147 score 78.00 rewards -14.00 score_mean 79.98
epoch 363148 score 79.00 rewards -15.00 score_mean 80.42
epoch 363149 score 106.00 rewards 16.00 score_mean 80.47
epoch 363150 score 43.00 rewards -57.00 score_mean 80.40
epoch 363151 score 40.00 rewards -54.00 score_mean 79.82
epoch 363152 score 128.00 rewards 34.00 score_mean 80.21
epoch 363153 score 165.00 rewards 93.00 score_mean 81.02
epoch 363154 score 99.00 rewards 9.00 score_mean 81.51
epoch 363155 score 260.00 rewards 194.00 score_mean 83.63
epoch 363156 score 75.00 rewards -17.00 score_mean 83.12
epoch 363157 score 64.00 rewards -22.00 score_mean 83.17
epoch 363158 score 99.00 rewards 9.00 score_mean 83.47
epoch 363159 score 47.00 rewards -43.00 score_mean 83.23
epoch 363160 score 41.00 rewards -57.00 score_mean 83.37
epoch 363161 score 179.00 rewards 111.00 score_mean 84.61
epoch 363162 score 112.00 rewards 26.00 score_mean 84.61
epoch 363163 score 106.00 rewards 14.00 score_mean 85.20
epoch 363164 score 146.00 rewards 68.00 score_mean 86.07
epoch 363165 score 73.00 rewards -19.00 score_mean 85.83
epoch 363166 score 60.00 rewards -30.00 score_mean 85.83
epoch 363167 score 172.00 rewards 106.00 score_mean 87.16
epoch 363168 score 77.00 rewards -9.00 score_mean 87.45
epoch 363169 score 71.00 rewards -25.00 score_mean 87.63
epoch 363170 score 94.00 rewards 2.00 score_mean 87.70
epoch 363171 score 40.00 rewards -58.00 score_mean 87.40
epoch 363172 score 44.00 rewards -50.00 score_mean 87.64
epoch 363173 score 68.00 rewards -28.00 score_mean 87.41
epoch 363174 score 283.00 rewards 227.00 score_mean 88.73
epoch 363175 score 38.00 rewards -56.00 score_mean 87.95
epoch 363176 score 26.00 rewards -74.00 score_mean 87.53
epoch 363177 score 38.00 rewards -60.00 score_mean 87.07
epoch 363178 score 161.00 rewards 83.00 score_mean 87.39
epoch 363179 score 66.00 rewards -28.00 score_mean 87.48
epoch 363180 score 83.00 rewards -9.00 score_mean 87.17
epoch 363181 score 115.00 rewards 35.00 score_mean 87.90
epoch 363182 score 90.00 rewards 4.00 score_mean 88.10
epoch 363183 score 69.00 rewards -27.00 score_mean 87.61
epoch 363184 score 102.00 rewards 10.00 score_mean 88.16
epoch 363185 score 166.00 rewards 96.00 score_mean 89.16
epoch 363186 score 105.00 rewards 19.00 score_mean 89.49
epoch 363187 score 149.00 rewards 71.00 score_mean 90.22
epoch 363188 score 147.00 rewards 55.00 score_mean 91.08
epoch 363189 score 96.00 rewards 6.00 score_mean 90.56
epoch 363190 score 55.00 rewards -29.00 score_mean 89.80
epoch 363191 score 149.00 rewards 73.00 score_mean 90.41
epoch 363192 score 170.00 rewards 106.00 score_mean 91.02
epoch 363193 score 97.00 rewards 9.00 score_mean 91.13
epoch 363194 score 32.00 rewards -64.00 score_mean 91.14
epoch 363195 score 67.00 rewards -29.00 score_mean 89.28
epoch 363196 score 40.00 rewards -60.00 score_mean 89.27
epoch 363197 score 43.00 rewards -55.00 score_mean 89.12
epoch 363198 score 78.00 rewards -18.00 score_mean 88.97
epoch 363199 score 60.00 rewards -34.00 score_mean 88.91
epoch 363200 score 82.00 rewards -12.00 score_mean 89.31
epoch 363201 score 53.00 rewards -41.00 score_mean 89.17
epoch 363202 score 33.00 rewards -63.00 score_mean 88.68
epoch 363203 score 75.00 rewards -17.00 score_mean 88.90
epoch 363204 score 50.00 rewards -46.00 score_mean 88.31
epoch 363205 score 29.00 rewards -67.00 score_mean 87.50
epoch 363206 score 84.00 rewards -12.00 score_mean 87.82
epoch 363207 score 52.00 rewards -42.00 score_mean 87.84
epoch 363208 score 140.00 rewards 68.00 score_mean 88.66
epoch 363209 score 110.00 rewards 24.00 score_mean 89.06
epoch 363210 score 139.00 rewards 65.00 score_mean 88.95
epoch 363211 score 66.00 rewards -28.00 score_mean 89.35
epoch 363212 score 150.00 rewards 70.00 score_mean 89.58
epoch 363213 score 47.00 rewards -49.00 score_mean 89.67
epoch 363214 score 52.00 rewards -46.00 score_mean 89.67
epoch 363215 score 83.00 rewards -3.00 score_mean 89.92
epoch 363216 score 92.00 rewards 4.00 score_mean 90.43
epoch 363217 score 161.00 rewards 73.00 score_mean 91.31
epoch 363218 score 102.00 rewards 12.00 score_mean 90.76
epoch 363219 score 51.00 rewards -47.00 score_mean 90.90
epoch 363220 score 106.00 rewards 18.00 score_mean 91.49
epoch 363221 score 80.00 rewards -16.00 score_mean 91.03
epoch 363222 score 38.00 rewards -60.00 score_mean 89.99
epoch 363223 score 83.00 rewards -7.00 score_mean 90.53
epoch 363224 score 30.00 rewards -66.00 score_mean 90.50
epoch 363225 score 68.00 rewards -24.00 score_mean 90.63
epoch 363226 score 73.00 rewards -19.00 score_mean 91.06
epoch 363227 score 134.00 rewards 50.00 score_mean 91.26
epoch 363228 score 75.00 rewards -11.00 score_mean 90.64
epoch 363229 score 36.00 rewards -64.00 score_mean 90.21
epoch 363230 score 113.00 rewards 29.00 score_mean 91.07
epoch 363231 score 66.00 rewards -32.00 score_mean 91.37
epoch 363232 score 104.00 rewards 12.00 score_mean 91.27
epoch 363233 score 120.00 rewards 36.00 score_mean 91.89
epoch 363234 score 37.00 rewards -59.00 score_mean 90.93
epoch 363235 score 95.00 rewards 1.00 score_mean 90.57
epoch 363236 score 58.00 rewards -32.00 score_mean 88.48
epoch 363237 score 75.00 rewards -17.00 score_mean 88.14
epoch 363238 score 79.00 rewards -9.00 score_mean 88.56
epoch 363239 score 93.00 rewards 7.00 score_mean 88.60
epoch 363240 score 73.00 rewards -21.00 score_mean 88.71
epoch 363241 score 100.00 rewards 8.00 score_mean 89.27
epoch 363242 score 103.00 rewards 9.00 score_mean 89.65
epoch 363243 score 117.00 rewards 27.00 score_mean 89.59
epoch 363244 score 60.00 rewards -34.00 score_mean 89.22
epoch 363245 score 53.00 rewards -37.00 score_mean 88.63
epoch 363246 score 104.00 rewards 18.00 score_mean 89.15
epoch 363247 score 59.00 rewards -33.00 score_mean 88.96
epoch 363248 score 58.00 rewards -30.00 score_mean 88.75
epoch 363249 score 37.00 rewards -61.00 score_mean 88.06
epoch 363250 score 60.00 rewards -30.00 score_mean 88.23
epoch 363251 score 97.00 rewards 7.00 score_mean 88.80
epoch 363252 score 29.00 rewards -69.00 score_mean 87.81
epoch 363253 score 46.00 rewards -52.00 score_mean 86.62
epoch 363254 score 46.00 rewards -50.00 score_mean 86.09
epoch 363255 score 32.00 rewards -58.00 score_mean 83.81
epoch 363256 score 218.00 rewards 158.00 score_mean 85.24
epoch 363257 score 218.00 rewards 142.00 score_mean 86.78
epoch 363258 score 36.00 rewards -58.00 score_mean 86.15
epoch 363259 score 111.00 rewards 31.00 score_mean 86.79
epoch 363260 score 95.00 rewards 5.00 score_mean 87.33
epoch 363261 score 69.00 rewards -29.00 score_mean 86.23
epoch 363262 score 73.00 rewards -27.00 score_mean 85.84
epoch 363263 score 106.00 rewards 38.00 score_mean 85.84
epoch 363264 score 161.00 rewards 67.00 score_mean 85.99
epoch 363265 score 146.00 rewards 58.00 score_mean 86.72
epoch 363266 score 28.00 rewards -66.00 score_mean 86.40
epoch 363267 score 96.00 rewards 12.00 score_mean 85.64
epoch 363268 score 26.00 rewards -74.00 score_mean 85.13
epoch 363269 score 75.00 rewards -13.00 score_mean 85.17
epoch 363270 score 65.00 rewards -31.00 score_mean 84.88
epoch 363271 score 44.00 rewards -52.00 score_mean 84.92
epoch 363272 score 61.00 rewards -35.00 score_mean 85.09
epoch 363273 score 70.00 rewards -20.00 score_mean 85.11
epoch 363274 score 27.00 rewards -73.00 score_mean 82.55
epoch 363275 score 117.00 rewards 31.00 score_mean 83.34
epoch 363276 score 97.00 rewards 11.00 score_mean 84.05
epoch 363277 score 108.00 rewards 32.00 score_mean 84.75
epoch 363278 score 58.00 rewards -34.00 score_mean 83.72
epoch 363279 score 48.00 rewards -48.00 score_mean 83.54
epoch 363280 score 169.00 rewards 97.00 score_mean 84.40
epoch 363281 score 82.00 rewards -10.00 score_mean 84.07
epoch 363282 score 79.00 rewards -13.00 score_mean 83.96
epoch 363283 score 86.00 rewards -6.00 score_mean 84.13
epoch 363284 score 45.00 rewards -47.00 score_mean 83.56
epoch 363285 score 41.00 rewards -57.00 score_mean 82.31
epoch 363286 score 59.00 rewards -41.00 score_mean 81.85
epoch 363287 score 33.00 rewards -61.00 score_mean 80.69
epoch 363288 score 55.00 rewards -35.00 score_mean 79.77
epoch 363289 score 40.00 rewards -52.00 score_mean 79.21
epoch 363290 score 30.00 rewards -70.00 score_mean 78.96
epoch 363291 score 39.00 rewards -57.00 score_mean 77.86
epoch 363292 score 35.00 rewards -59.00 score_mean 76.51
epoch 363293 score 89.00 rewards -1.00 score_mean 76.43
epoch 363294 score 167.00 rewards 89.00 score_mean 77.78
epoch 363295 score 74.00 rewards -20.00 score_mean 77.85
epoch 363296 score 88.00 rewards 2.00 score_mean 78.33
epoch 363297 score 45.00 rewards -53.00 score_mean 78.35
epoch 363298 score 45.00 rewards -53.00 score_mean 78.02
epoch 363299 score 75.00 rewards -15.00 score_mean 78.17
epoch 363300 score 25.00 rewards -73.00 score_mean 77.60
epoch 363301 score 61.00 rewards -35.00 score_mean 77.68
epoch 363302 score 56.00 rewards -36.00 score_mean 77.91
epoch 363303 score 150.00 rewards 60.00 score_mean 78.66
epoch 363304 score 61.00 rewards -27.00 score_mean 78.77
epoch 363305 score 82.00 rewards -6.00 score_mean 79.30
epoch 363306 score 57.00 rewards -41.00 score_mean 79.03
epoch 363307 score 30.00 rewards -70.00 score_mean 78.81
epoch 363308 score 52.00 rewards -46.00 score_mean 77.93
epoch 363309 score 44.00 rewards -52.00 score_mean 77.27
epoch 363310 score 109.00 rewards 17.00 score_mean 76.97
epoch 363311 score 38.00 rewards -56.00 score_mean 76.69
epoch 363312 score 131.00 rewards 47.00 score_mean 76.50
epoch 363313 score 84.00 rewards -10.00 score_mean 76.87
epoch 363314 score 37.00 rewards -61.00 score_mean 76.72
epoch 363315 score 110.00 rewards 20.00 score_mean 76.99
epoch 363316 score 45.00 rewards -45.00 score_mean 76.52
epoch 363317 score 209.00 rewards 125.00 score_mean 77.00
epoch 363318 score 238.00 rewards 170.00 score_mean 78.36
epoch 363319 score 58.00 rewards -38.00 score_mean 78.43
epoch 363320 score 78.00 rewards -12.00 score_mean 78.15
epoch 363321 score 55.00 rewards -39.00 score_mean 77.90
epoch 363322 score 83.00 rewards 3.00 score_mean 78.35
epoch 363323 score 64.00 rewards -28.00 score_mean 78.16
epoch 363324 score 55.00 rewards -33.00 score_mean 78.41
epoch 363325 score 138.00 rewards 62.00 score_mean 79.11
epoch 363326 score 36.00 rewards -58.00 score_mean 78.74
epoch 363327 score 71.00 rewards -17.00 score_mean 78.11
epoch 363328 score 61.00 rewards -31.00 score_mean 77.97
epoch 363329 score 117.00 rewards 39.00 score_mean 78.78
epoch 363330 score 23.00 rewards -73.00 score_mean 77.88
epoch 363331 score 28.00 rewards -72.00 score_mean 77.50
epoch 363332 score 43.00 rewards -45.00 score_mean 76.89
epoch 363333 score 81.00 rewards -3.00 score_mean 76.50
epoch 363334 score 45.00 rewards -53.00 score_mean 76.58
epoch 363335 score 24.00 rewards -76.00 score_mean 75.87
epoch 363336 score 36.00 rewards -62.00 score_mean 75.65
epoch 363337 score 92.00 rewards 8.00 score_mean 75.82
epoch 363338 score 51.00 rewards -45.00 score_mean 75.54
epoch 363339 score 170.00 rewards 94.00 score_mean 76.31
epoch 363340 score 104.00 rewards 18.00 score_mean 76.62
epoch 363341 score 45.00 rewards -51.00 score_mean 76.07
epoch 363342 score 43.00 rewards -57.00 score_mean 75.47
epoch 363343 score 195.00 rewards 127.00 score_mean 76.25
epoch 363344 score 97.00 rewards 5.00 score_mean 76.62
epoch 363345 score 86.00 rewards -8.00 score_mean 76.95
epoch 363346 score 104.00 rewards 10.00 score_mean 76.95
epoch 363347 score 45.00 rewards -47.00 score_mean 76.81
epoch 363348 score 47.00 rewards -47.00 score_mean 76.70
epoch 363349 score 40.00 rewards -56.00 score_mean 76.73
epoch 363350 score 47.00 rewards -47.00 score_mean 76.60
epoch 363351 score 56.00 rewards -36.00 score_mean 76.19
epoch 363352 score 71.00 rewards -29.00 score_mean 76.61
epoch 363353 score 77.00 rewards -15.00 score_mean 76.92
epoch 363354 score 49.00 rewards -45.00 score_mean 76.95
epoch 363355 score 70.00 rewards -22.00 score_mean 77.33
epoch 363356 score 81.00 rewards -11.00 score_mean 75.96
epoch 363357 score 23.00 rewards -77.00 score_mean 74.01
epoch 363358 score 73.00 rewards -25.00 score_mean 74.38
epoch 363359 score 94.00 rewards 4.00 score_mean 74.21
epoch 363360 score 55.00 rewards -41.00 score_mean 73.81
epoch 363361 score 37.00 rewards -63.00 score_mean 73.49
epoch 363362 score 38.00 rewards -60.00 score_mean 73.14
epoch 363363 score 77.00 rewards -11.00 score_mean 72.85
epoch 363364 score 61.00 rewards -29.00 score_mean 71.85
epoch 363365 score 78.00 rewards -22.00 score_mean 71.17
epoch 363366 score 81.00 rewards -9.00 score_mean 71.70
epoch 363367 score 100.00 rewards 8.00 score_mean 71.74
epoch 363368 score 41.00 rewards -53.00 score_mean 71.89
epoch 363369 score 76.00 rewards -4.00 score_mean 71.90
epoch 363370 score 67.00 rewards -25.00 score_mean 71.92
epoch 363371 score 75.00 rewards -19.00 score_mean 72.23
epoch 363372 score 30.00 rewards -62.00 score_mean 71.92
epoch 363373 score 103.00 rewards 15.00 score_mean 72.25
epoch 363374 score 66.00 rewards -28.00 score_mean 72.64
epoch 363375 score 69.00 rewards -25.00 score_mean 72.16
epoch 363376 score 96.00 rewards 18.00 score_mean 72.15
epoch 363377 score 65.00 rewards -21.00 score_mean 71.72
epoch 363378 score 65.00 rewards -27.00 score_mean 71.79
epoch 363379 score 53.00 rewards -37.00 score_mean 71.84
epoch 363380 score 106.00 rewards 18.00 score_mean 71.21
epoch 363381 score 121.00 rewards 35.00 score_mean 71.60
epoch 363382 score 73.00 rewards -21.00 score_mean 71.54
epoch 363383 score 28.00 rewards -70.00 score_mean 70.96
epoch 363384 score 38.00 rewards -58.00 score_mean 70.89
epoch 363385 score 59.00 rewards -39.00 score_mean 71.07
epoch 363386 score 35.00 rewards -63.00 score_mean 70.83
epoch 363387 score 46.00 rewards -52.00 score_mean 70.96
epoch 363388 score 25.00 rewards -75.00 score_mean 70.66
epoch 363389 score 37.00 rewards -63.00 score_mean 70.63
epoch 363390 score 56.00 rewards -38.00 score_mean 70.89
epoch 363391 score 80.00 rewards -12.00 score_mean 71.30
epoch 363392 score 37.00 rewards -61.00 score_mean 71.32
epoch 363393 score 54.00 rewards -40.00 score_mean 70.97
epoch 363394 score 89.00 rewards -5.00 score_mean 70.19
epoch 363395 score 65.00 rewards -29.00 score_mean 70.10
epoch 363396 score 36.00 rewards -62.00 score_mean 69.58
epoch 363397 score 49.00 rewards -49.00 score_mean 69.62
epoch 363398 score 52.00 rewards -44.00 score_mean 69.69
epoch 363399 score 131.00 rewards 49.00 score_mean 70.25
epoch 363400 score 38.00 rewards -58.00 score_mean 70.38
epoch 363401 score 43.00 rewards -57.00 score_mean 70.20
epoch 363402 score 59.00 rewards -35.00 score_mean 70.23
epoch 363403 score 15.00 rewards -85.00 score_mean 68.88
epoch 363404 score 57.00 rewards -39.00 score_mean 68.84
epoch 363405 score 35.00 rewards -61.00 score_mean 68.37
epoch 363406 score 105.00 rewards 21.00 score_mean 68.85
epoch 363407 score 31.00 rewards -67.00 score_mean 68.86
epoch 363408 score 197.00 rewards 125.00 score_mean 70.31
epoch 363409 score 30.00 rewards -70.00 score_mean 70.17
epoch 363410 score 46.00 rewards -52.00 score_mean 69.54
epoch 363411 score 91.00 rewards 3.00 score_mean 70.07
epoch 363412 score 35.00 rewards -59.00 score_mean 69.11
epoch 363413 score 83.00 rewards -9.00 score_mean 69.10
epoch 363414 score 41.00 rewards -55.00 score_mean 69.14
epoch 363415 score 12.00 rewards -88.00 score_mean 68.16
epoch 363416 score 107.00 rewards 15.00 score_mean 68.78
epoch 363417 score 38.00 rewards -60.00 score_mean 67.07
epoch 363418 score 49.00 rewards -45.00 score_mean 65.18
epoch 363419 score 93.00 rewards -1.00 score_mean 65.53
epoch 363420 score 43.00 rewards -49.00 score_mean 65.18
epoch 363421 score 43.00 rewards -49.00 score_mean 65.06
epoch 363422 score 37.00 rewards -59.00 score_mean 64.60
epoch 363423 score 74.00 rewards -20.00 score_mean 64.70
epoch 363424 score 28.00 rewards -70.00 score_mean 64.43
epoch 363425 score 66.00 rewards -22.00 score_mean 63.71
epoch 363426 score 38.00 rewards -58.00 score_mean 63.73
epoch 363427 score 66.00 rewards -30.00 score_mean 63.68
epoch 363428 score 33.00 rewards -65.00 score_mean 63.40
epoch 363429 score 74.00 rewards -4.00 score_mean 62.97
epoch 363430 score 128.00 rewards 50.00 score_mean 64.02
epoch 363431 score 25.00 rewards -73.00 score_mean 63.99
epoch 363432 score 200.00 rewards 134.00 score_mean 65.56
epoch 363433 score 45.00 rewards -53.00 score_mean 65.20
