epoch 0 score 0.00 rewards -100.00 score_mean 0.00
epoch 1 score 0.00 rewards -100.00 score_mean 0.00
epoch 2 score 0.00 rewards -100.00 score_mean 0.00
epoch 3 score 0.00 rewards -100.00 score_mean 0.00
epoch 4 score 0.00 rewards -100.00 score_mean 0.00
epoch 5 score 0.00 rewards -100.00 score_mean 0.00
epoch 6 score 0.00 rewards -100.00 score_mean 0.00
epoch 7 score 0.00 rewards -100.00 score_mean 0.00
epoch 8 score 0.00 rewards -100.00 score_mean 0.00
epoch 9 score 0.00 rewards -100.00 score_mean 0.00
epoch 10 score 0.00 rewards -100.00 score_mean 0.00
epoch 11 score 0.00 rewards -100.00 score_mean 0.00
epoch 12 score 0.00 rewards -100.00 score_mean 0.00
epoch 13 score 0.00 rewards -100.00 score_mean 0.00
epoch 14 score 0.00 rewards -100.00 score_mean 0.00
epoch 15 score 0.00 rewards -100.00 score_mean 0.00
epoch 16 score 0.00 rewards -100.00 score_mean 0.00
epoch 17 score 0.00 rewards -100.00 score_mean 0.00
epoch 18 score 0.00 rewards -100.00 score_mean 0.00
epoch 19 score 0.00 rewards -100.00 score_mean 0.00
epoch 20 score 0.00 rewards -100.00 score_mean 0.00
epoch 21 score 0.00 rewards -100.00 score_mean 0.00
epoch 22 score 0.00 rewards -100.00 score_mean 0.00
epoch 23 score 0.00 rewards -100.00 score_mean 0.00
epoch 24 score 0.00 rewards -100.00 score_mean 0.00
epoch 25 score 0.00 rewards -100.00 score_mean 0.00
epoch 26 score 0.00 rewards -100.00 score_mean 0.00
epoch 27 score 0.00 rewards -100.00 score_mean 0.00
epoch 28 score 0.00 rewards -100.00 score_mean 0.00
epoch 29 score 0.00 rewards -100.00 score_mean 0.00
epoch 30 score 0.00 rewards -100.00 score_mean 0.00
epoch 31 score 0.00 rewards -100.00 score_mean 0.00
epoch 32 score 0.00 rewards -100.00 score_mean 0.00
epoch 33 score 0.00 rewards -100.00 score_mean 0.00
epoch 34 score 0.00 rewards -100.00 score_mean 0.00
epoch 35 score 0.00 rewards -100.00 score_mean 0.00
epoch 36 score 0.00 rewards -100.00 score_mean 0.00
epoch 37 score 0.00 rewards -100.00 score_mean 0.00
epoch 38 score 0.00 rewards -100.00 score_mean 0.00
epoch 39 score 0.00 rewards -100.00 score_mean 0.00
epoch 40 score 0.00 rewards -100.00 score_mean 0.00
epoch 41 score 0.00 rewards -100.00 score_mean 0.00
epoch 42 score 0.00 rewards -100.00 score_mean 0.00
epoch 43 score 0.00 rewards -100.00 score_mean 0.00
epoch 44 score 0.00 rewards -100.00 score_mean 0.00
epoch 45 score 0.00 rewards -100.00 score_mean 0.00
epoch 46 score 0.00 rewards -100.00 score_mean 0.00
epoch 47 score 0.00 rewards -100.00 score_mean 0.00
epoch 48 score 0.00 rewards -100.00 score_mean 0.00
epoch 49 score 0.00 rewards -100.00 score_mean 0.00
epoch 50 score 0.00 rewards -100.00 score_mean 0.00
epoch 51 score 0.00 rewards -100.00 score_mean 0.00
epoch 52 score 0.00 rewards -100.00 score_mean 0.00
epoch 53 score 0.00 rewards -100.00 score_mean 0.00
epoch 54 score 1.00 rewards -99.00 score_mean 0.02
epoch 55 score 0.00 rewards -100.00 score_mean 0.02
epoch 56 score 0.00 rewards -100.00 score_mean 0.02
epoch 57 score 0.00 rewards -100.00 score_mean 0.02
epoch 58 score 0.00 rewards -100.00 score_mean 0.02
epoch 59 score 0.00 rewards -100.00 score_mean 0.02
epoch 60 score 0.00 rewards -100.00 score_mean 0.02
epoch 61 score 0.00 rewards -100.00 score_mean 0.02
epoch 62 score 0.00 rewards -100.00 score_mean 0.02
epoch 63 score 0.00 rewards -100.00 score_mean 0.02
epoch 64 score 0.00 rewards -100.00 score_mean 0.02
epoch 65 score 0.00 rewards -100.00 score_mean 0.02
epoch 66 score 0.00 rewards -100.00 score_mean 0.01
epoch 67 score 0.00 rewards -100.00 score_mean 0.01
epoch 68 score 0.00 rewards -100.00 score_mean 0.01
epoch 69 score 0.00 rewards -100.00 score_mean 0.01
epoch 70 score 0.00 rewards -100.00 score_mean 0.01
epoch 71 score 0.00 rewards -100.00 score_mean 0.01
epoch 72 score 0.00 rewards -100.00 score_mean 0.01
epoch 73 score 0.00 rewards -100.00 score_mean 0.01
epoch 74 score 0.00 rewards -100.00 score_mean 0.01
epoch 75 score 0.00 rewards -100.00 score_mean 0.01
epoch 76 score 0.00 rewards -100.00 score_mean 0.01
epoch 77 score 0.00 rewards -100.00 score_mean 0.01
epoch 78 score 0.00 rewards -100.00 score_mean 0.01
epoch 79 score 0.00 rewards -100.00 score_mean 0.01
epoch 80 score 0.00 rewards -100.00 score_mean 0.01
epoch 81 score 0.00 rewards -100.00 score_mean 0.01
epoch 82 score 0.00 rewards -100.00 score_mean 0.01
epoch 83 score 0.00 rewards -100.00 score_mean 0.01
epoch 84 score 0.00 rewards -100.00 score_mean 0.01
epoch 85 score 0.00 rewards -100.00 score_mean 0.01
epoch 86 score 0.00 rewards -100.00 score_mean 0.01
epoch 87 score 0.00 rewards -100.00 score_mean 0.01
epoch 88 score 0.00 rewards -100.00 score_mean 0.01
epoch 89 score 1.00 rewards -99.00 score_mean 0.02
epoch 90 score 0.00 rewards -100.00 score_mean 0.02
epoch 91 score 0.00 rewards -100.00 score_mean 0.02
epoch 92 score 0.00 rewards -100.00 score_mean 0.02
epoch 93 score 0.00 rewards -100.00 score_mean 0.02
epoch 94 score 1.00 rewards -99.00 score_mean 0.03
epoch 95 score 0.00 rewards -100.00 score_mean 0.03
epoch 96 score 1.00 rewards -99.00 score_mean 0.04
epoch 97 score 0.00 rewards -100.00 score_mean 0.04
epoch 98 score 0.00 rewards -100.00 score_mean 0.04
epoch 99 score 0.00 rewards -100.00 score_mean 0.04
epoch 100 score 0.00 rewards -100.00 score_mean 0.04
epoch 101 score 0.00 rewards -100.00 score_mean 0.04
epoch 102 score 0.00 rewards -100.00 score_mean 0.04
epoch 103 score 1.00 rewards -99.00 score_mean 0.05
epoch 104 score 0.00 rewards -100.00 score_mean 0.05
epoch 105 score 0.00 rewards -100.00 score_mean 0.05
epoch 106 score 0.00 rewards -100.00 score_mean 0.05
epoch 107 score 0.00 rewards -100.00 score_mean 0.05
epoch 108 score 0.00 rewards -100.00 score_mean 0.05
epoch 109 score 0.00 rewards -100.00 score_mean 0.05
epoch 110 score 0.00 rewards -100.00 score_mean 0.05
epoch 111 score 0.00 rewards -100.00 score_mean 0.05
epoch 112 score 0.00 rewards -100.00 score_mean 0.05
epoch 113 score 0.00 rewards -100.00 score_mean 0.05
epoch 114 score 0.00 rewards -100.00 score_mean 0.05
epoch 115 score 0.00 rewards -100.00 score_mean 0.05
epoch 116 score 0.00 rewards -100.00 score_mean 0.05
epoch 117 score 0.00 rewards -100.00 score_mean 0.05
epoch 118 score 0.00 rewards -100.00 score_mean 0.05
epoch 119 score 0.00 rewards -100.00 score_mean 0.05
epoch 120 score 0.00 rewards -100.00 score_mean 0.05
epoch 121 score 0.00 rewards -100.00 score_mean 0.05
epoch 122 score 0.00 rewards -100.00 score_mean 0.05
epoch 123 score 0.00 rewards -100.00 score_mean 0.05
epoch 124 score 0.00 rewards -100.00 score_mean 0.05
epoch 125 score 0.00 rewards -100.00 score_mean 0.05
epoch 126 score 0.00 rewards -100.00 score_mean 0.05
epoch 127 score 0.00 rewards -100.00 score_mean 0.05
epoch 128 score 0.00 rewards -100.00 score_mean 0.05
epoch 129 score 0.00 rewards -100.00 score_mean 0.05
epoch 130 score 0.00 rewards -100.00 score_mean 0.05
epoch 131 score 0.00 rewards -100.00 score_mean 0.05
epoch 132 score 1.00 rewards -99.00 score_mean 0.06
epoch 133 score 0.00 rewards -100.00 score_mean 0.06
epoch 134 score 0.00 rewards -100.00 score_mean 0.06
epoch 135 score 0.00 rewards -100.00 score_mean 0.06
epoch 136 score 2.00 rewards -98.00 score_mean 0.08
epoch 137 score 0.00 rewards -100.00 score_mean 0.08
epoch 138 score 0.00 rewards -100.00 score_mean 0.08
epoch 139 score 0.00 rewards -100.00 score_mean 0.08
epoch 140 score 0.00 rewards -100.00 score_mean 0.08
epoch 141 score 0.00 rewards -100.00 score_mean 0.08
epoch 142 score 1.00 rewards -99.00 score_mean 0.09
epoch 143 score 0.00 rewards -100.00 score_mean 0.09
epoch 144 score 0.00 rewards -100.00 score_mean 0.09
epoch 145 score 0.00 rewards -100.00 score_mean 0.09
epoch 146 score 0.00 rewards -100.00 score_mean 0.09
epoch 147 score 0.00 rewards -100.00 score_mean 0.09
epoch 148 score 0.00 rewards -100.00 score_mean 0.09
epoch 149 score 0.00 rewards -100.00 score_mean 0.09
epoch 150 score 1.00 rewards -99.00 score_mean 0.10
epoch 151 score 0.00 rewards -100.00 score_mean 0.10
epoch 152 score 0.00 rewards -100.00 score_mean 0.10
epoch 153 score 0.00 rewards -100.00 score_mean 0.10
epoch 154 score 0.00 rewards -100.00 score_mean 0.09
epoch 155 score 0.00 rewards -100.00 score_mean 0.09
epoch 156 score 1.00 rewards -99.00 score_mean 0.10
epoch 157 score 0.00 rewards -100.00 score_mean 0.10
epoch 158 score 0.00 rewards -100.00 score_mean 0.10
epoch 159 score 0.00 rewards -100.00 score_mean 0.10
epoch 160 score 0.00 rewards -100.00 score_mean 0.10
epoch 161 score 1.00 rewards -99.00 score_mean 0.11
epoch 162 score 1.00 rewards -99.00 score_mean 0.12
epoch 163 score 0.00 rewards -100.00 score_mean 0.12
epoch 164 score 0.00 rewards -100.00 score_mean 0.12
epoch 165 score 0.00 rewards -100.00 score_mean 0.12
epoch 166 score 0.00 rewards -100.00 score_mean 0.12
epoch 167 score 1.00 rewards -99.00 score_mean 0.13
epoch 168 score 0.00 rewards -100.00 score_mean 0.13
epoch 169 score 1.00 rewards -99.00 score_mean 0.14
epoch 170 score 2.00 rewards -98.00 score_mean 0.16
epoch 171 score 6.00 rewards -94.00 score_mean 0.22
epoch 172 score 0.00 rewards -100.00 score_mean 0.22
epoch 173 score 0.00 rewards -100.00 score_mean 0.22
epoch 174 score 0.00 rewards -100.00 score_mean 0.22
epoch 175 score 0.00 rewards -100.00 score_mean 0.22
epoch 176 score 0.00 rewards -100.00 score_mean 0.22
epoch 177 score 0.00 rewards -100.00 score_mean 0.22
epoch 178 score 0.00 rewards -100.00 score_mean 0.22
epoch 179 score 0.00 rewards -100.00 score_mean 0.22
epoch 180 score 0.00 rewards -100.00 score_mean 0.22
epoch 181 score 1.00 rewards -99.00 score_mean 0.23
epoch 182 score 0.00 rewards -100.00 score_mean 0.23
epoch 183 score 0.00 rewards -100.00 score_mean 0.23
epoch 184 score 1.00 rewards -99.00 score_mean 0.24
epoch 185 score 0.00 rewards -100.00 score_mean 0.24
epoch 186 score 0.00 rewards -100.00 score_mean 0.24
epoch 187 score 0.00 rewards -100.00 score_mean 0.24
epoch 188 score 0.00 rewards -100.00 score_mean 0.24
epoch 189 score 0.00 rewards -100.00 score_mean 0.23
epoch 190 score 0.00 rewards -100.00 score_mean 0.23
epoch 191 score 0.00 rewards -100.00 score_mean 0.23
epoch 192 score 0.00 rewards -100.00 score_mean 0.23
epoch 193 score 2.00 rewards -98.00 score_mean 0.25
epoch 194 score 1.00 rewards -99.00 score_mean 0.25
epoch 195 score 0.00 rewards -100.00 score_mean 0.25
epoch 196 score 2.00 rewards -98.00 score_mean 0.26
epoch 197 score 0.00 rewards -100.00 score_mean 0.26
epoch 198 score 0.00 rewards -100.00 score_mean 0.26
epoch 199 score 1.00 rewards -99.00 score_mean 0.27
epoch 200 score 1.00 rewards -99.00 score_mean 0.28
epoch 201 score 1.00 rewards -99.00 score_mean 0.29
epoch 202 score 1.00 rewards -99.00 score_mean 0.30
epoch 203 score 0.00 rewards -100.00 score_mean 0.29
epoch 204 score 2.00 rewards -98.00 score_mean 0.31
epoch 205 score 1.00 rewards -99.00 score_mean 0.32
epoch 206 score 0.00 rewards -100.00 score_mean 0.32
epoch 207 score 0.00 rewards -100.00 score_mean 0.32
epoch 208 score 2.00 rewards -98.00 score_mean 0.34
epoch 209 score 1.00 rewards -99.00 score_mean 0.35
epoch 210 score 0.00 rewards -100.00 score_mean 0.35
epoch 211 score 0.00 rewards -100.00 score_mean 0.35
epoch 212 score 3.00 rewards -97.00 score_mean 0.38
epoch 213 score 1.00 rewards -99.00 score_mean 0.39
epoch 214 score 1.00 rewards -99.00 score_mean 0.40
epoch 215 score 2.00 rewards -98.00 score_mean 0.42
epoch 216 score 2.00 rewards -98.00 score_mean 0.44
epoch 217 score 0.00 rewards -100.00 score_mean 0.44
epoch 218 score 0.00 rewards -100.00 score_mean 0.44
epoch 219 score 0.00 rewards -100.00 score_mean 0.44
epoch 220 score 0.00 rewards -100.00 score_mean 0.44
