epoch 0 score 134 eps 0.9999130042048645
epoch 10 score 260 eps 0.9982916234716385
epoch 20 score 464 eps 0.9966074103725141
epoch 30 score 169 eps 0.9950039186611745
epoch 40 score 288 eps 0.9935730573855875
epoch 50 score 245 eps 0.9921117722928268
epoch 60 score 242 eps 0.9905430364660619
epoch 70 score 209 eps 0.9891726556539623
epoch 80 score 196 eps 0.9874552492141967
epoch 90 score 262 eps 0.9856496380281629
epoch 100 score 286 eps 0.9840097541274941
epoch 110 score 245 eps 0.9824699730219721
epoch 120 score 261 eps 0.9809446197796344
epoch 130 score 177 eps 0.979418971715649
epoch 140 score 333 eps 0.9782969631962583
epoch 150 score 205 eps 0.9768051267790632
epoch 160 score 77 eps 0.9754033602884526
epoch 170 score 369 eps 0.9735523828180727
epoch 180 score 153 eps 0.9719378048549662
epoch 190 score 206 eps 0.9703378155266918
epoch 200 score 209 eps 0.9689811470110449
epoch 210 score 255 eps 0.967586104952062
epoch 220 score 393 eps 0.9659883276357812
epoch 230 score 153 eps 0.9643733238966334
epoch 240 score 283 eps 0.9628073471839546
epoch 250 score 54 eps 0.9613504342054379
epoch 260 score 371 eps 0.9596867654306583
epoch 270 score 194 eps 0.9582522866555512
epoch 280 score 404 eps 0.9565660491688232
epoch 290 score 286 eps 0.9550313172748924
epoch 300 score 195 eps 0.9534651959097987
epoch 310 score 252 eps 0.9518366331581354
epoch 320 score 194 eps 0.9501289948843467
epoch 330 score 406 eps 0.9484219517576901
epoch 340 score 221 eps 0.9470288566569524
epoch 350 score 307 eps 0.9453843956310108
epoch 360 score 288 eps 0.9438837628116621
epoch 370 score 263 eps 0.9422903287694434
epoch 380 score 303 eps 0.9408176096991335
epoch 390 score 243 eps 0.9394705789564598
epoch 400 score 234 eps 0.9380446913201259
epoch 410 score 305 eps 0.9365431446296444
epoch 420 score 345 eps 0.9348912108794872
epoch 430 score 404 eps 0.9331064540591256
epoch 440 score 344 eps 0.93150010922418
epoch 450 score 330 eps 0.9301541695527277
epoch 460 score 327 eps 0.9285424698253533
epoch 470 score 269 eps 0.9269587075155228
epoch 480 score 422 eps 0.9254082369876446
epoch 490 score 192 eps 0.9238716583297588
epoch 500 score 172 eps 0.9225846785552098
epoch 510 score 287 eps 0.9209712549987066
epoch 520 score 393 eps 0.919306373777233
epoch 530 score 310 eps 0.9175903609955804
epoch 540 score 284 eps 0.9160084932661267
epoch 550 score 90 eps 0.914701207935714
epoch 560 score 343 eps 0.9134068622925687
epoch 570 score 138 eps 0.9119088633895664
epoch 580 score 312 eps 0.9103731035862672
epoch 590 score 370 eps 0.9088806917608084
epoch 600 score 239 eps 0.9073452775518651
epoch 610 score 511 eps 0.9054153415988445
epoch 620 score 212 eps 0.9038516709770642
epoch 630 score 532 eps 0.9022509225888418
epoch 640 score 373 eps 0.9005572892087146
epoch 650 score 225 eps 0.8989897336281611
epoch 660 score 298 eps 0.8972950119599891
epoch 670 score 233 eps 0.8957497590167844
epoch 680 score 250 eps 0.8940301477549429
epoch 690 score 293 eps 0.8921426030724422
epoch 700 score 409 eps 0.8902674480395876
epoch 710 score 224 eps 0.8888646527257398
epoch 720 score 350 eps 0.8870995735303714
epoch 730 score 206 eps 0.8858438406381681
epoch 740 score 276 eps 0.8844201350236844
epoch 750 score 440 eps 0.882831986750547
epoch 760 score 404 eps 0.8813147648773192
epoch 770 score 219 eps 0.8799798582997861
epoch 780 score 267 eps 0.8782683830029601
epoch 790 score 153 eps 0.8769516303729373
epoch 800 score 159 eps 0.8755776423253133
epoch 810 score 143 eps 0.8743144805248649
epoch 820 score 295 eps 0.8728524082501949
epoch 830 score 176 eps 0.8714625251853713
epoch 840 score 391 eps 0.8699442400126772
epoch 850 score 237 eps 0.8687389384360878
epoch 860 score 235 eps 0.8674715650582404
epoch 870 score 261 eps 0.8662164972740586
epoch 880 score 286 eps 0.8648614936058874
epoch 890 score 135 eps 0.8636081487800472
epoch 900 score 333 eps 0.8623441519133975
epoch 910 score 177 eps 0.8609072185468284
epoch 920 score 131 eps 0.8595413492841469
epoch 930 score 258 eps 0.8580288381648042
epoch 940 score 159 eps 0.8565798629494443
epoch 950 score 239 eps 0.855251970996771
epoch 960 score 401 eps 0.8535595880744287
epoch 970 score 233 eps 0.8521241699932615
epoch 980 score 405 eps 0.850398773571477
epoch 990 score 288 eps 0.848949404117829
epoch 1000 score 495 eps 0.8474480192068968
epoch 1010 score 523 eps 0.8457830672354835
epoch 1020 score 341 eps 0.844260739675759
epoch 1030 score 376 eps 0.8424618062731003
epoch 1040 score 541 eps 0.8409388488023112
epoch 1050 score 581 eps 0.8391208430618087
epoch 1060 score 425 eps 0.8373023827082715
epoch 1070 score 216 eps 0.8356183440777774
epoch 1080 score 365 eps 0.8337815951104321
epoch 1090 score 417 eps 0.8319860306670109
epoch 1100 score 134 eps 0.8303823007065281
epoch 1110 score 194 eps 0.8291319837753485
epoch 1120 score 466 eps 0.8274641818944999
epoch 1130 score 227 eps 0.8262115982406184
epoch 1140 score 209 eps 0.8244200690423522
epoch 1150 score 136 eps 0.8231365691594996
epoch 1160 score 271 eps 0.8216893356954903
epoch 1170 score 255 eps 0.820290615581437
epoch 1180 score 301 eps 0.8189257591285752
epoch 1190 score 115 eps 0.817632856723392
epoch 1200 score 299 eps 0.8160916035223315
epoch 1210 score 222 eps 0.8145679516721039
epoch 1220 score 310 eps 0.8130095135583096
epoch 1230 score 156 eps 0.8117272508165831
epoch 1240 score 373 eps 0.8104046685129073
epoch 1250 score 211 eps 0.808907294946995
epoch 1260 score 295 eps 0.8073871395044461
epoch 1270 score 191 eps 0.806202080819029
epoch 1280 score 324 eps 0.8046900753038813
epoch 1290 score 435 eps 0.8031602119272669
epoch 1300 score 393 eps 0.8018020821327079
epoch 1310 score 407 eps 0.8001874582259062
epoch 1320 score 486 eps 0.7986114787570764
epoch 1330 score 321 eps 0.7971691725973642
epoch 1340 score 441 eps 0.7959200362748486
epoch 1350 score 350 eps 0.794263401795327
epoch 1360 score 483 eps 0.7925183689881209
epoch 1370 score 465 eps 0.7908421979214978
epoch 1380 score 322 eps 0.7894595960869041
epoch 1390 score 270 eps 0.7879582112714819
epoch 1400 score 481 eps 0.7864372142881231
epoch 1410 score 98 eps 0.7851798989531501
epoch 1420 score 266 eps 0.783927166338015
epoch 1430 score 357 eps 0.7824446534952462
epoch 1440 score 402 eps 0.781090209310341
epoch 1450 score 349 eps 0.7796365001621114
epoch 1460 score 335 eps 0.7783418944847464
epoch 1470 score 279 eps 0.7771851783300429
epoch 1480 score 433 eps 0.7759132661668363
epoch 1490 score 300 eps 0.7744054109374736
epoch 1500 score 348 eps 0.7729996188664673
epoch 1510 score 336 eps 0.7717557205322936
epoch 1520 score 455 eps 0.7702593743216297
epoch 1530 score 248 eps 0.7690539926168382
epoch 1540 score 322 eps 0.7677328020982422
epoch 1550 score 370 eps 0.76625652118315
epoch 1560 score 401 eps 0.7647458341585387
epoch 1570 score 331 eps 0.7632429941094292
epoch 1580 score 440 eps 0.7619752024215135
epoch 1590 score 606 eps 0.7603619518936363
epoch 1600 score 358 eps 0.7590183833833074
epoch 1610 score 245 eps 0.7576928944780007
epoch 1620 score 282 eps 0.7565298076902346
epoch 1630 score 288 eps 0.7553840698617948
epoch 1640 score 284 eps 0.7540157475506795
epoch 1650 score 308 eps 0.7528591635563049
epoch 1660 score 357 eps 0.7516807295067763
epoch 1670 score 239 eps 0.7507169553958692
epoch 1680 score 173 eps 0.7495813618208766
epoch 1690 score 151 eps 0.7485558336497988
epoch 1700 score 294 eps 0.7472794363216745
epoch 1710 score 371 eps 0.7460809227320103
epoch 1720 score 304 eps 0.7449254723169564
epoch 1730 score 208 eps 0.74381715393162
epoch 1740 score 336 eps 0.742603630684761
epoch 1750 score 249 eps 0.7414009467489541
epoch 1760 score 311 eps 0.7400596851107298
epoch 1770 score 155 eps 0.7389980674199123
epoch 1780 score 153 eps 0.7378829249700689
epoch 1790 score 347 eps 0.7366763425572471
epoch 1800 score 152 eps 0.7355652518472808
epoch 1810 score 414 eps 0.7340374972765702
epoch 1820 score 312 eps 0.7323047200905866
epoch 1830 score 324 eps 0.7306103101084213
epoch 1840 score 216 eps 0.7290986600697994
epoch 1850 score 403 eps 0.7273229187540824
epoch 1860 score 145 eps 0.7256668848612257
epoch 1870 score 477 eps 0.7239424251081548
epoch 1880 score 402 eps 0.7226480491309077
epoch 1890 score 615 eps 0.7209877962636206
epoch 1900 score 531 eps 0.7192865543463121
epoch 1910 score 270 eps 0.7179318007889001
epoch 1920 score 425 eps 0.7168122997778128
epoch 1930 score 235 eps 0.7152578387778002
epoch 1940 score 159 eps 0.7138893887632074
epoch 1950 score 474 eps 0.7127384033560713
epoch 1960 score 268 eps 0.7114631938202429
epoch 1970 score 482 eps 0.7100686122808446
epoch 1980 score 428 eps 0.7087583737755488
epoch 1990 score 288 eps 0.7076311864390593
epoch 2000 score 284 eps 0.7063706483203114
epoch 2010 score 203 eps 0.7050239818445161
epoch 2020 score 428 eps 0.7034529627016135
epoch 2030 score 454 eps 0.7019843389823722
epoch 2040 score 499 eps 0.7003171486547645
epoch 2050 score 363 eps 0.6986964828831226
epoch 2060 score 357 eps 0.6972254995865017
epoch 2070 score 452 eps 0.6957998349903106
epoch 2080 score 303 eps 0.6943121957267263
epoch 2090 score 317 eps 0.6929073199555744
epoch 2100 score 321 eps 0.6914367601451875
epoch 2110 score 317 eps 0.6903357424155306
epoch 2120 score 320 eps 0.68884408073491
epoch 2130 score 258 eps 0.6877106666788416
epoch 2140 score 540 eps 0.6864308529293177
epoch 2150 score 511 eps 0.6853606170176884
epoch 2160 score 300 eps 0.6841248611556773
epoch 2170 score 465 eps 0.6829247455664598
epoch 2180 score 383 eps 0.6813684745557479
epoch 2190 score 403 eps 0.6801856257058541
epoch 2200 score 432 eps 0.679049575572289
epoch 2210 score 383 eps 0.6776037596562823
epoch 2220 score 442 eps 0.675879303761207
epoch 2230 score 536 eps 0.6742250714422993
epoch 2240 score 282 eps 0.6727454802513435
epoch 2250 score 524 eps 0.6711764017206296
epoch 2260 score 520 eps 0.6695622575949911
epoch 2270 score 410 eps 0.668106042965561
epoch 2280 score 331 eps 0.666632774561952
epoch 2290 score 413 eps 0.665153907472422
epoch 2300 score 464 eps 0.6637315125958673
epoch 2310 score 356 eps 0.6624982914533211
epoch 2320 score 399 eps 0.6610339552542571
epoch 2330 score 678 eps 0.659789841350983
epoch 2340 score 289 eps 0.6585242830737628
epoch 2350 score 211 eps 0.6574826768802572
epoch 2360 score 204 eps 0.6563317357302095
epoch 2370 score 575 eps 0.6549981405188363
epoch 2380 score 355 eps 0.653771103056868
epoch 2390 score 217 eps 0.6526554566539322
epoch 2400 score 245 eps 0.6515494118139284
epoch 2410 score 186 eps 0.6505263184715483
epoch 2420 score 252 eps 0.6495362624160645
epoch 2430 score 117 eps 0.6482975404674981
epoch 2440 score 203 eps 0.647185625435947
epoch 2450 score 318 eps 0.6459685809223814
epoch 2460 score 374 eps 0.6447251905615264
epoch 2470 score 412 eps 0.6435534776481748
epoch 2480 score 405 eps 0.6422143646549807
epoch 2490 score 237 eps 0.6410282145048752
epoch 2500 score 241 eps 0.6399364405744846
epoch 2510 score 209 eps 0.6390319056561311
epoch 2520 score 286 eps 0.6381235048086608
epoch 2530 score 310 eps 0.6371664969597688
epoch 2540 score 226 eps 0.6361772321029328
epoch 2550 score 173 eps 0.6352825633816316
epoch 2560 score 318 eps 0.6342967680436356
epoch 2570 score 271 eps 0.6333323433420109
epoch 2580 score 237 eps 0.6324637197429173
epoch 2590 score 316 eps 0.6315274077923795
epoch 2600 score 166 eps 0.630667030485539
epoch 2610 score 308 eps 0.6294743719109955
epoch 2620 score 218 eps 0.6284834184038699
epoch 2630 score 256 eps 0.6272148216293822
epoch 2640 score 452 eps 0.6260439494445275
epoch 2650 score 512 eps 0.6248721784475193
epoch 2660 score 314 eps 0.6237641198380632
epoch 2670 score 422 eps 0.6227333201930018
epoch 2680 score 352 eps 0.6216071734638373
epoch 2690 score 329 eps 0.6205355037884821
epoch 2700 score 475 eps 0.6194798885277881
epoch 2710 score 177 eps 0.6185076404932704
epoch 2720 score 438 eps 0.617256093257437
epoch 2730 score 308 eps 0.6162673561258281
epoch 2740 score 259 eps 0.6152341358102944
epoch 2750 score 304 eps 0.6140813030008637
epoch 2760 score 332 eps 0.612790867652366
epoch 2770 score 292 eps 0.6113621750845051
epoch 2780 score 358 eps 0.6101941961423342
epoch 2790 score 298 eps 0.6091188213078971
epoch 2800 score 420 eps 0.60786454246188
epoch 2810 score 340 eps 0.6067738066567381
epoch 2820 score 324 eps 0.6056921559315486
epoch 2830 score 322 eps 0.6046750532845074
epoch 2840 score 450 eps 0.603527383339868
epoch 2850 score 299 eps 0.6023588793236939
epoch 2860 score 172 eps 0.6012649298049841
epoch 2870 score 407 eps 0.6000966751292689
epoch 2880 score 248 eps 0.5990691999166046
epoch 2890 score 124 eps 0.5979541958838016
epoch 2900 score 297 eps 0.596994071104189
epoch 2910 score 456 eps 0.595787841673719
epoch 2920 score 324 eps 0.5946257569179898
epoch 2930 score 425 eps 0.593382513833479
epoch 2940 score 369 eps 0.5920735005309693
epoch 2950 score 345 eps 0.5908939401683191
epoch 2960 score 476 eps 0.5897025160602714
epoch 2970 score 427 eps 0.5884162905709422
epoch 2980 score 395 eps 0.587243872838903
epoch 2990 score 408 eps 0.5860596874248898
epoch 3000 score 483 eps 0.5848864613993908
epoch 3010 score 650 eps 0.5833066943022943
epoch 3020 score 593 eps 0.5819328376295997
epoch 3030 score 533 eps 0.5803546875032458
epoch 3040 score 272 eps 0.5790419139728769
epoch 3050 score 434 eps 0.5777390979668183
epoch 3060 score 395 eps 0.5763000899496585
epoch 3070 score 412 eps 0.5749002411396708
epoch 3080 score 426 eps 0.573359320707999
epoch 3090 score 461 eps 0.5719397975990174
epoch 3100 score 499 eps 0.5706562967105276
epoch 3110 score 356 eps 0.5695233807475313
epoch 3120 score 351 eps 0.568316693850776
epoch 3130 score 341 eps 0.5672517056160544
epoch 3140 score 374 eps 0.5661953551432403
epoch 3150 score 245 eps 0.5650855792217749
epoch 3160 score 232 eps 0.5641532432494161
epoch 3170 score 475 eps 0.5630807430835157
epoch 3180 score 343 eps 0.5619260268987997
epoch 3190 score 390 eps 0.5608248780083055
epoch 3200 score 360 eps 0.5596574002780409
epoch 3210 score 588 eps 0.5582423060186018
epoch 3220 score 455 eps 0.5570250012177409
epoch 3230 score 610 eps 0.555595230690848
epoch 3240 score 404 eps 0.5543137763531409
epoch 3250 score 532 eps 0.5527400395616292
epoch 3260 score 190 eps 0.551459091649344
epoch 3270 score 367 eps 0.5502027769254568
epoch 3280 score 442 eps 0.5488841170930908
epoch 3290 score 502 eps 0.5474842895693205
epoch 3300 score 402 eps 0.5462464732542798
epoch 3310 score 377 eps 0.5451470884189782
epoch 3320 score 231 eps 0.5441643996246525
epoch 3330 score 325 eps 0.5432474077500797
epoch 3340 score 309 eps 0.5423927652484243
epoch 3350 score 307 eps 0.5414558860289628
epoch 3360 score 120 eps 0.5404901554994674
epoch 3370 score 314 eps 0.5394855170431307
epoch 3380 score 231 eps 0.5385957283523549
epoch 3390 score 380 eps 0.5375458192337217
epoch 3400 score 253 eps 0.5365173387258482
epoch 3410 score 250 eps 0.5355972581674833
epoch 3420 score 440 eps 0.534718239813418
epoch 3430 score 331 eps 0.5338887204185773
epoch 3440 score 302 eps 0.5330853247000623
epoch 3450 score 263 eps 0.5323309703539271
epoch 3460 score 289 eps 0.531493061306013
epoch 3470 score 282 eps 0.5307199438519198
epoch 3480 score 353 eps 0.5299381796047832
epoch 3490 score 258 eps 0.5291864457494471
epoch 3500 score 296 eps 0.5282818170677995
epoch 3510 score 320 eps 0.5274645795075171
epoch 3520 score 174 eps 0.5267470419142877
epoch 3530 score 191 eps 0.525877365320512
epoch 3540 score 119 eps 0.5250902205281023
epoch 3550 score 390 eps 0.524373839340779
epoch 3560 score 425 eps 0.523575354086317
epoch 3570 score 273 eps 0.5228798502166346
epoch 3580 score 103 eps 0.5221390505034492
epoch 3590 score 267 eps 0.521242255386182
epoch 3600 score 330 eps 0.5205183414513705
epoch 3610 score 424 eps 0.5196669539767509
epoch 3620 score 600 eps 0.518563284800139
epoch 3630 score 164 eps 0.5176239681810576
epoch 3640 score 539 eps 0.5167242630204718
epoch 3650 score 481 eps 0.5157571974921847
epoch 3660 score 536 eps 0.5147688719360877
epoch 3670 score 318 eps 0.5138477268632069
epoch 3680 score 443 eps 0.5128942182426302
epoch 3690 score 382 eps 0.511925056041363
epoch 3700 score 321 eps 0.5108595505714257
epoch 3710 score 238 eps 0.5100728239533502
epoch 3720 score 328 eps 0.5091389229664275
epoch 3730 score 447 eps 0.5080697422395014
epoch 3740 score 360 eps 0.5071743328570751
epoch 3750 score 523 eps 0.5062375539149706
epoch 3760 score 458 eps 0.5053367068554933
